<?xml version="1.0" ?>
<coverage lines-valid="475" lines-covered="459" line-rate="0.966316">
  <sources>
    <source>.</source>
  </sources>
  <packages>
    <package name="." line-rate="0.966316">
      <classes>
        <class name="src\gb18030.mbt" filename="src\gb18030.mbt" line-rate="0.966316">
          <lines>
            <line number="19" hits="73622"/>
            <line number="24" hits="64525"/>
            <line number="29" hits="60012"/>
            <line number="35" hits="28506"/>
            <line number="37" hits="28402"/>
            <line number="42" hits="10430"/>
            <line number="46" hits="17727"/>
            <line number="48" hits="17727"/>
            <line number="54" hits="0"/>
            <line number="60" hits="0"/>
            <line number="67" hits="20"/>
            <line number="74" hits="20"/>
            <line number="89" hits="473"/>
            <line number="90" hits="387"/>
            <line number="94" hits="174"/>
            <line number="100" hits="0"/>
            <line number="104" hits="0"/>
            <line number="110" hits="36"/>
            <line number="114" hits="1"/>
            <line number="120" hits="26"/>
            <line number="135" hits="11955"/>
            <line number="139" hits="14729"/>
            <line number="140" hits="14729"/>
            <line number="141" hits="14729"/>
            <line number="143" hits="3694"/>
            <line number="145" hits="11035"/>
            <line number="146" hits="10256"/>
            <line number="147" hits="9249"/>
            <line number="148" hits="9249"/>
            <line number="149" hits="9249"/>
            <line number="151" hits="2144"/>
            <line number="154" hits="7105"/>
            <line number="157" hits="0"/>
            <line number="160" hits="1007"/>
            <line number="163" hits="779"/>
            <line number="166" hits="0"/>
            <line number="175" hits="35"/>
            <line number="176" hits="35"/>
            <line number="179" hits="237"/>
            <line number="181" hits="225"/>
            <line number="183" hits="12"/>
            <line number="192" hits="35728"/>
            <line number="196" hits="37362"/>
            <line number="197" hits="37362"/>
            <line number="198" hits="37362"/>
            <line number="201" hits="2371"/>
            <line number="203" hits="2371"/>
            <line number="204" hits="34"/>
            <line number="205" hits="2337"/>
            <line number="207" hits="361"/>
            <line number="208" hits="7"/>
            <line number="209" hits="13"/>
            <line number="210" hits="236"/>
            <line number="211" hits="12"/>
            <line number="212" hits="5"/>
            <line number="213" hits="5"/>
            <line number="214" hits="5"/>
            <line number="215" hits="68"/>
            <line number="216" hits="5"/>
            <line number="217" hits="5"/>
            <line number="218" hits="1976"/>
            <line number="220" hits="387"/>
            <line number="221" hits="78"/>
            <line number="222" hits="10"/>
            <line number="223" hits="8"/>
            <line number="224" hits="5"/>
            <line number="225" hits="5"/>
            <line number="226" hits="84"/>
            <line number="227" hits="5"/>
            <line number="228" hits="19"/>
            <line number="229" hits="5"/>
            <line number="230" hits="5"/>
            <line number="231" hits="59"/>
            <line number="232" hits="4"/>
            <line number="233" hits="4"/>
            <line number="234" hits="4"/>
            <line number="235" hits="4"/>
            <line number="236" hits="21"/>
            <line number="237" hits="4"/>
            <line number="238" hits="4"/>
            <line number="239" hits="4"/>
            <line number="240" hits="4"/>
            <line number="241" hits="5"/>
            <line number="242" hits="4"/>
            <line number="243" hits="13"/>
            <line number="244" hits="4"/>
            <line number="245" hits="4"/>
            <line number="246" hits="21"/>
            <line number="247" hits="1589"/>
            <line number="249" hits="415"/>
            <line number="250" hits="7"/>
            <line number="251" hits="7"/>
            <line number="252" hits="6"/>
            <line number="253" hits="175"/>
            <line number="254" hits="20"/>
            <line number="255" hits="5"/>
            <line number="256" hits="5"/>
            <line number="257" hits="5"/>
            <line number="258" hits="6"/>
            <line number="259" hits="5"/>
            <line number="260" hits="4"/>
            <line number="261" hits="43"/>
            <line number="262" hits="4"/>
            <line number="263" hits="21"/>
            <line number="264" hits="28"/>
            <line number="265" hits="4"/>
            <line number="266" hits="4"/>
            <line number="267" hits="13"/>
            <line number="268" hits="5"/>
            <line number="269" hits="4"/>
            <line number="270" hits="4"/>
            <line number="271" hits="4"/>
            <line number="272" hits="4"/>
            <line number="273" hits="22"/>
            <line number="274" hits="5"/>
            <line number="275" hits="5"/>
            <line number="278" hits="1174"/>
            <line number="281" hits="0"/>
            <line number="284" hits="34991"/>
            <line number="286" hits="34601"/>
            <line number="287" hits="34094"/>
            <line number="288" hits="34094"/>
            <line number="289" hits="34094"/>
            <line number="292" hits="26122"/>
            <line number="294" hits="26122"/>
            <line number="296" hits="9821"/>
            <line number="299" hits="16301"/>
            <line number="301" hits="16301"/>
            <line number="302" hits="4"/>
            <line number="303" hits="3"/>
            <line number="304" hits="3"/>
            <line number="305" hits="3"/>
            <line number="306" hits="3"/>
            <line number="307" hits="3"/>
            <line number="308" hits="3"/>
            <line number="309" hits="3"/>
            <line number="310" hits="3"/>
            <line number="311" hits="3"/>
            <line number="312" hits="3"/>
            <line number="313" hits="3"/>
            <line number="314" hits="3"/>
            <line number="315" hits="3"/>
            <line number="316" hits="3"/>
            <line number="317" hits="3"/>
            <line number="318" hits="3"/>
            <line number="319" hits="3"/>
            <line number="320" hits="3"/>
            <line number="321" hits="3"/>
            <line number="322" hits="3"/>
            <line number="323" hits="3"/>
            <line number="324" hits="6"/>
            <line number="325" hits="3"/>
            <line number="326" hits="3"/>
            <line number="327" hits="3"/>
            <line number="328" hits="3"/>
            <line number="329" hits="3"/>
            <line number="330" hits="3"/>
            <line number="331" hits="3"/>
            <line number="332" hits="3"/>
            <line number="333" hits="3"/>
            <line number="334" hits="3"/>
            <line number="335" hits="3"/>
            <line number="336" hits="3"/>
            <line number="337" hits="3"/>
            <line number="338" hits="3"/>
            <line number="339" hits="3"/>
            <line number="340" hits="3"/>
            <line number="341" hits="3"/>
            <line number="342" hits="3"/>
            <line number="343" hits="3"/>
            <line number="344" hits="3"/>
            <line number="345" hits="3"/>
            <line number="346" hits="3"/>
            <line number="347" hits="3"/>
            <line number="348" hits="3"/>
            <line number="349" hits="3"/>
            <line number="350" hits="3"/>
            <line number="351" hits="3"/>
            <line number="352" hits="3"/>
            <line number="353" hits="3"/>
            <line number="354" hits="3"/>
            <line number="355" hits="3"/>
            <line number="356" hits="3"/>
            <line number="357" hits="3"/>
            <line number="358" hits="3"/>
            <line number="359" hits="3"/>
            <line number="360" hits="3"/>
            <line number="361" hits="3"/>
            <line number="362" hits="3"/>
            <line number="363" hits="3"/>
            <line number="364" hits="3"/>
            <line number="365" hits="4"/>
            <line number="366" hits="4"/>
            <line number="367" hits="4"/>
            <line number="368" hits="4"/>
            <line number="369" hits="4"/>
            <line number="370" hits="4"/>
            <line number="371" hits="4"/>
            <line number="372" hits="4"/>
            <line number="373" hits="4"/>
            <line number="374" hits="4"/>
            <line number="375" hits="4"/>
            <line number="376" hits="4"/>
            <line number="377" hits="4"/>
            <line number="378" hits="4"/>
            <line number="379" hits="4"/>
            <line number="380" hits="4"/>
            <line number="381" hits="4"/>
            <line number="382" hits="4"/>
            <line number="383" hits="4"/>
            <line number="384" hits="4"/>
            <line number="385" hits="4"/>
            <line number="386" hits="4"/>
            <line number="387" hits="4"/>
            <line number="388" hits="4"/>
            <line number="389" hits="4"/>
            <line number="390" hits="4"/>
            <line number="391" hits="4"/>
            <line number="392" hits="4"/>
            <line number="393" hits="4"/>
            <line number="394" hits="4"/>
            <line number="395" hits="4"/>
            <line number="396" hits="4"/>
            <line number="397" hits="4"/>
            <line number="398" hits="15"/>
            <line number="399" hits="7"/>
            <line number="400" hits="5"/>
            <line number="401" hits="5"/>
            <line number="402" hits="15944"/>
            <line number="404" hits="0"/>
            <line number="409" hits="7972"/>
            <line number="412" hits="0"/>
            <line number="415" hits="507"/>
            <line number="418" hits="390"/>
            <line number="421" hits="0"/>
            <line number="430" hits="18519"/>
            <line number="434" hits="21515"/>
            <line number="435" hits="21515"/>
            <line number="436" hits="21515"/>
            <line number="439" hits="4071"/>
            <line number="440" hits="4071"/>
            <line number="441" hits="34"/>
            <line number="442" hits="4037"/>
            <line number="444" hits="664"/>
            <line number="445" hits="10"/>
            <line number="446" hits="16"/>
            <line number="447" hits="462"/>
            <line number="448" hits="14"/>
            <line number="449" hits="6"/>
            <line number="450" hits="6"/>
            <line number="451" hits="6"/>
            <line number="452" hits="132"/>
            <line number="453" hits="6"/>
            <line number="454" hits="6"/>
            <line number="455" hits="3373"/>
            <line number="457" hits="667"/>
            <line number="458" hits="156"/>
            <line number="459" hits="23"/>
            <line number="460" hits="19"/>
            <line number="461" hits="8"/>
            <line number="462" hits="9"/>
            <line number="463" hits="167"/>
            <line number="464" hits="6"/>
            <line number="465" hits="19"/>
            <line number="466" hits="6"/>
            <line number="467" hits="6"/>
            <line number="468" hits="114"/>
            <line number="469" hits="4"/>
            <line number="470" hits="4"/>
            <line number="471" hits="4"/>
            <line number="472" hits="4"/>
            <line number="473" hits="38"/>
            <line number="474" hits="4"/>
            <line number="475" hits="4"/>
            <line number="476" hits="4"/>
            <line number="477" hits="4"/>
            <line number="478" hits="6"/>
            <line number="479" hits="4"/>
            <line number="480" hits="8"/>
            <line number="481" hits="4"/>
            <line number="482" hits="4"/>
            <line number="483" hits="38"/>
            <line number="484" hits="2706"/>
            <line number="486" hits="602"/>
            <line number="487" hits="10"/>
            <line number="488" hits="10"/>
            <line number="489" hits="8"/>
            <line number="490" hits="332"/>
            <line number="491" hits="19"/>
            <line number="492" hits="6"/>
            <line number="493" hits="6"/>
            <line number="494" hits="6"/>
            <line number="495" hits="8"/>
            <line number="496" hits="6"/>
            <line number="497" hits="4"/>
            <line number="498" hits="34"/>
            <line number="499" hits="4"/>
            <line number="500" hits="38"/>
            <line number="501" hits="21"/>
            <line number="502" hits="4"/>
            <line number="503" hits="4"/>
            <line number="504" hits="8"/>
            <line number="505" hits="6"/>
            <line number="506" hits="4"/>
            <line number="507" hits="4"/>
            <line number="508" hits="4"/>
            <line number="509" hits="4"/>
            <line number="510" hits="40"/>
            <line number="511" hits="6"/>
            <line number="512" hits="6"/>
            <line number="514" hits="2104"/>
            <line number="517" hits="0"/>
            <line number="520" hits="17444"/>
            <line number="522" hits="16668"/>
            <line number="523" hits="15662"/>
            <line number="524" hits="15662"/>
            <line number="525" hits="15662"/>
            <line number="528" hits="2158"/>
            <line number="530" hits="2158"/>
            <line number="532" hits="854"/>
            <line number="535" hits="1304"/>
            <line number="537" hits="1304"/>
            <line number="538" hits="1"/>
            <line number="539" hits="1"/>
            <line number="540" hits="1"/>
            <line number="541" hits="1"/>
            <line number="542" hits="1"/>
            <line number="543" hits="1"/>
            <line number="544" hits="1"/>
            <line number="545" hits="1"/>
            <line number="546" hits="1"/>
            <line number="547" hits="1"/>
            <line number="548" hits="1"/>
            <line number="549" hits="1"/>
            <line number="550" hits="1"/>
            <line number="551" hits="1"/>
            <line number="552" hits="1"/>
            <line number="553" hits="1"/>
            <line number="554" hits="1"/>
            <line number="555" hits="1"/>
            <line number="556" hits="1"/>
            <line number="557" hits="1"/>
            <line number="558" hits="1"/>
            <line number="559" hits="1"/>
            <line number="560" hits="1"/>
            <line number="561" hits="1"/>
            <line number="562" hits="1"/>
            <line number="563" hits="1"/>
            <line number="564" hits="1"/>
            <line number="565" hits="1"/>
            <line number="566" hits="1"/>
            <line number="567" hits="1"/>
            <line number="568" hits="1"/>
            <line number="569" hits="1"/>
            <line number="570" hits="1"/>
            <line number="571" hits="1"/>
            <line number="572" hits="1"/>
            <line number="573" hits="1"/>
            <line number="574" hits="1"/>
            <line number="575" hits="1"/>
            <line number="576" hits="1"/>
            <line number="577" hits="1"/>
            <line number="578" hits="1"/>
            <line number="579" hits="1"/>
            <line number="580" hits="1"/>
            <line number="581" hits="1"/>
            <line number="582" hits="1"/>
            <line number="583" hits="3"/>
            <line number="584" hits="1"/>
            <line number="585" hits="1"/>
            <line number="586" hits="1"/>
            <line number="587" hits="1"/>
            <line number="588" hits="1"/>
            <line number="589" hits="1"/>
            <line number="590" hits="1"/>
            <line number="591" hits="1"/>
            <line number="592" hits="1"/>
            <line number="593" hits="1"/>
            <line number="594" hits="1"/>
            <line number="595" hits="1"/>
            <line number="596" hits="1"/>
            <line number="597" hits="1"/>
            <line number="598" hits="1"/>
            <line number="599" hits="1"/>
            <line number="600" hits="1"/>
            <line number="601" hits="2"/>
            <line number="602" hits="2"/>
            <line number="603" hits="2"/>
            <line number="604" hits="2"/>
            <line number="605" hits="2"/>
            <line number="606" hits="2"/>
            <line number="607" hits="2"/>
            <line number="608" hits="2"/>
            <line number="609" hits="2"/>
            <line number="610" hits="2"/>
            <line number="611" hits="2"/>
            <line number="612" hits="2"/>
            <line number="613" hits="2"/>
            <line number="614" hits="2"/>
            <line number="615" hits="2"/>
            <line number="616" hits="2"/>
            <line number="617" hits="2"/>
            <line number="618" hits="2"/>
            <line number="619" hits="2"/>
            <line number="620" hits="2"/>
            <line number="621" hits="2"/>
            <line number="622" hits="2"/>
            <line number="623" hits="2"/>
            <line number="624" hits="2"/>
            <line number="625" hits="2"/>
            <line number="626" hits="2"/>
            <line number="627" hits="2"/>
            <line number="628" hits="2"/>
            <line number="629" hits="2"/>
            <line number="630" hits="2"/>
            <line number="631" hits="2"/>
            <line number="632" hits="2"/>
            <line number="633" hits="2"/>
            <line number="634" hits="16"/>
            <line number="635" hits="5"/>
            <line number="636" hits="3"/>
            <line number="637" hits="2"/>
            <line number="638" hits="1147"/>
            <line number="640" hits="0"/>
            <line number="645" hits="13504"/>
            <line number="648" hits="0"/>
            <line number="651" hits="1006"/>
            <line number="654" hits="776"/>
            <line number="657" hits="0"/>
            <line number="666" hits="8378"/>
            <line number="667" hits="8378"/>
            <line number="668" hits="738"/>
            <line number="669" hits="7640"/>
            <line number="675" hits="59"/>
            <line number="676" hits="59"/>
            <line number="679" hits="1132"/>
            <line number="682" hits="932"/>
            <line number="685" hits="200"/>
            <line number="688" hits="200"/>
            <line number="689" hits="200"/>
            <line number="698" hits="61"/>
            <line number="701" hits="268"/>
            <line number="704" hits="228"/>
            <line number="707" hits="40"/>
            <line number="710" hits="40"/>
            <line number="711" hits="40"/>
            <line number="720" hits="30"/>
            <line number="721" hits="30"/>
            <line number="726" hits="1"/>
            <line number="727" hits="1"/>
            <line number="728" hits="1"/>
            <line number="729" hits="1"/>
            <line number="732" hits="0"/>
            <line number="738" hits="1"/>
            <line number="743" hits="1"/>
            <line number="744" hits="1"/>
            <line number="749" hits="1815"/>
            <line number="750" hits="1815"/>
            <line number="751" hits="572"/>
            <line number="752" hits="1243"/>
            <line number="758" hits="34"/>
            <line number="759" hits="34"/>
            <line number="760" hits="34"/>
            <line number="761" hits="0"/>
            <line number="767" hits="32"/>
            <line number="769" hits="211"/>
            <line number="771" hits="6"/>
            <line number="779" hits="36"/>
            <line number="780" hits="36"/>
            <line number="782" hits="302"/>
            <line number="784" hits="278"/>
            <line number="792" hits="36"/>
            <line number="793" hits="36"/>
            <line number="795" hits="302"/>
            <line number="797" hits="24"/>
          </lines>
        </class>
      </classes>
    </package>
  </packages>
</coverage>