<?xml version="1.0" ?>
<coverage lines-valid="132" lines-covered="116" line-rate="0.878788">
  <sources>
    <source>.</source>
  </sources>
  <packages>
    <package name="." line-rate="0.878788">
      <classes>
        <class name="src\gb18030.mbt" filename="src\gb18030.mbt" line-rate="0.878788">
          <lines>
            <line number="19" hits="842"/>
            <line number="24" hits="204"/>
            <line number="29" hits="189"/>
            <line number="36" hits="89"/>
            <line number="38" hits="35"/>
            <line number="42" hits="35"/>
            <line number="52" hits="635"/>
            <line number="54" hits="553"/>
            <line number="58" hits="497"/>
            <line number="67" hits="96"/>
            <line number="71" hits="207"/>
            <line number="72" hits="207"/>
            <line number="73" hits="207"/>
            <line number="75" hits="145"/>
            <line number="77" hits="62"/>
            <line number="78" hits="55"/>
            <line number="79" hits="47"/>
            <line number="80" hits="47"/>
            <line number="81" hits="47"/>
            <line number="83" hits="29"/>
            <line number="86" hits="18"/>
            <line number="89" hits="0"/>
            <line number="92" hits="8"/>
            <line number="95" hits="7"/>
            <line number="98" hits="0"/>
            <line number="107" hits="35"/>
            <line number="108" hits="35"/>
            <line number="111" hits="184"/>
            <line number="113" hits="152"/>
            <line number="115" hits="32"/>
            <line number="124" hits="57"/>
            <line number="128" hits="387"/>
            <line number="129" hits="387"/>
            <line number="130" hits="387"/>
            <line number="133" hits="345"/>
            <line number="135" hits="345"/>
            <line number="136" hits="23"/>
            <line number="137" hits="322"/>
            <line number="139" hits="0"/>
            <line number="140" hits="322"/>
            <line number="142" hits="46"/>
            <line number="143" hits="276"/>
            <line number="145" hits="196"/>
            <line number="147" hits="80"/>
            <line number="150" hits="0"/>
            <line number="153" hits="42"/>
            <line number="155" hits="42"/>
            <line number="156" hits="38"/>
            <line number="157" hits="38"/>
            <line number="158" hits="38"/>
            <line number="161" hits="22"/>
            <line number="163" hits="19"/>
            <line number="166" hits="22"/>
            <line number="168" hits="22"/>
            <line number="171" hits="0"/>
            <line number="175" hits="16"/>
            <line number="178" hits="0"/>
            <line number="181" hits="4"/>
            <line number="184" hits="0"/>
            <line number="187" hits="0"/>
            <line number="196" hits="51"/>
            <line number="200" hits="172"/>
            <line number="201" hits="172"/>
            <line number="202" hits="172"/>
            <line number="205" hits="134"/>
            <line number="206" hits="134"/>
            <line number="207" hits="2"/>
            <line number="208" hits="132"/>
            <line number="209" hits="0"/>
            <line number="210" hits="132"/>
            <line number="211" hits="52"/>
            <line number="212" hits="80"/>
            <line number="213" hits="80"/>
            <line number="215" hits="0"/>
            <line number="218" hits="0"/>
            <line number="221" hits="38"/>
            <line number="223" hits="38"/>
            <line number="224" hits="37"/>
            <line number="225" hits="37"/>
            <line number="226" hits="37"/>
            <line number="229" hits="25"/>
            <line number="232" hits="12"/>
            <line number="235" hits="0"/>
            <line number="238" hits="1"/>
            <line number="241" hits="0"/>
            <line number="244" hits="0"/>
            <line number="253" hits="16"/>
            <line number="254" hits="16"/>
            <line number="255" hits="12"/>
            <line number="256" hits="4"/>
            <line number="262" hits="80"/>
            <line number="263" hits="80"/>
            <line number="266" hits="2456"/>
            <line number="269" hits="1940"/>
            <line number="272" hits="516"/>
            <line number="275" hits="516"/>
            <line number="276" hits="516"/>
            <line number="285" hits="41"/>
            <line number="288" hits="203"/>
            <line number="291" hits="159"/>
            <line number="294" hits="44"/>
            <line number="297" hits="44"/>
            <line number="298" hits="44"/>
            <line number="307" hits="16"/>
            <line number="308" hits="16"/>
            <line number="313" hits="4"/>
            <line number="314" hits="4"/>
            <line number="315" hits="4"/>
            <line number="316" hits="4"/>
            <line number="319" hits="0"/>
            <line number="325" hits="4"/>
            <line number="330" hits="4"/>
            <line number="331" hits="4"/>
            <line number="336" hits="20"/>
            <line number="337" hits="20"/>
            <line number="338" hits="10"/>
            <line number="339" hits="10"/>
            <line number="345" hits="31"/>
            <line number="346" hits="31"/>
            <line number="347" hits="31"/>
            <line number="348" hits="0"/>
            <line number="354" hits="33"/>
            <line number="356" hits="115"/>
            <line number="358" hits="20"/>
            <line number="366" hits="23"/>
            <line number="367" hits="23"/>
            <line number="369" hits="243"/>
            <line number="371" hits="197"/>
            <line number="379" hits="23"/>
            <line number="380" hits="23"/>
            <line number="382" hits="243"/>
            <line number="384" hits="46"/>
          </lines>
        </class>
      </classes>
    </package>
  </packages>
</coverage>